<?xml version="1.0" encoding="UTF-8"?>
<!-- Generated by org.testng.reporters.JUnitXMLReporter -->
<testsuite ignored="0" hostname="Vignesh" failures="0" tests="5" name="Default test" time="5.463" errors="0" timestamp="2025-07-20T19:53:36 IST">
  <testcase classname="testcase.API_Validation" name="deleteUser2" time="2.001"/>
  <testcase classname="testcase.API_Validation" name="getListOfUsersInPage2" time="0.383"/>
  <testcase classname="testcase.API_Validation" name="patchUpdateUsers2" time="1.219"/>
  <testcase classname="testcase.API_Validation" name="postCreateNewUser" time="0.82"/>
  <testcase classname="testcase.API_Validation" name="putUpdateUser2" time="0.719"/>
</testsuite> <!-- Default test -->
