<?xml version="1.0" encoding="UTF-8"?>
<!-- Generated by org.testng.reporters.JUnitXMLReporter -->
<testsuite ignored="0" hostname="Vignesh" failures="0" tests="8" name="Default test" time="8.229" errors="0" timestamp="2025-07-22T23:50:43 IST">
  <testcase classname="testcase.API_Validation" name="deleteUser2" time="1.702"/>
  <testcase classname="testcase.API_Validation" name="getListOfUsersInPage1" time="1.258"/>
  <testcase classname="testcase.API_Validation" name="getListOfUsersInPage2" time="0.206"/>
  <testcase classname="testcase.API_Validation" name="patchUpdateUsers2" time="0.918"/>
  <testcase classname="testcase.API_Validation" name="postCreateNewUser" time="0.778"/>
  <testcase classname="testcase.API_Validation" name="postCreateNewUserUsingExternalFile" time="0.574"/>
  <testcase classname="testcase.API_Validation" name="putUpdateUser2" time="0.82"/>
  <testcase classname="testcase.API_Validation" name="digestAuth" time="1.672"/>
</testsuite> <!-- Default test -->
