<?xml version="1.0" encoding="UTF-8"?>
<testng-results ignored="0" total="8" passed="8" failed="0" skipped="0">
  <reporter-output>
  </reporter-output>
  <suite started-at="2025-07-22T23:50:34 IST" name="Default suite" finished-at="2025-07-22T23:50:43 IST" duration-ms="8229">
    <groups>
    </groups>
    <test started-at="2025-07-22T23:50:34 IST" name="Default test" finished-at="2025-07-22T23:50:43 IST" duration-ms="8229">
      <class name="testcase.API_Validation">
        <test-method is-config="true" signature="baseURI()[pri:0, instance:testcase.API_Validation@1ce24091]" started-at="2025-07-22T23:50:34 IST" name="baseURI" finished-at="2025-07-22T23:50:35 IST" duration-ms="256" status="PASS">
          <reporter-output>
          </reporter-output>
        </test-method> <!-- baseURI -->
        <test-method signature="deleteUser2()[pri:0, instance:testcase.API_Validation@1ce24091]" started-at="2025-07-22T23:50:35 IST" name="deleteUser2" finished-at="2025-07-22T23:50:36 IST" duration-ms="1702" status="PASS">
          <reporter-output>
          </reporter-output>
        </test-method> <!-- deleteUser2 -->
        <test-method signature="getListOfUsersInPage1()[pri:0, instance:testcase.API_Validation@1ce24091]" started-at="2025-07-22T23:50:36 IST" name="getListOfUsersInPage1" finished-at="2025-07-22T23:50:38 IST" duration-ms="1258" status="PASS">
          <reporter-output>
          </reporter-output>
        </test-method> <!-- getListOfUsersInPage1 -->
        <test-method signature="getListOfUsersInPage2()[pri:0, instance:testcase.API_Validation@1ce24091]" started-at="2025-07-22T23:50:38 IST" name="getListOfUsersInPage2" finished-at="2025-07-22T23:50:38 IST" duration-ms="206" status="PASS">
          <reporter-output>
          </reporter-output>
        </test-method> <!-- getListOfUsersInPage2 -->
        <test-method signature="patchUpdateUsers2()[pri:0, instance:testcase.API_Validation@1ce24091]" started-at="2025-07-22T23:50:38 IST" name="patchUpdateUsers2" finished-at="2025-07-22T23:50:39 IST" duration-ms="918" status="PASS">
          <reporter-output>
          </reporter-output>
        </test-method> <!-- patchUpdateUsers2 -->
        <test-method signature="postCreateNewUser()[pri:0, instance:testcase.API_Validation@1ce24091]" started-at="2025-07-22T23:50:39 IST" name="postCreateNewUser" finished-at="2025-07-22T23:50:40 IST" duration-ms="778" status="PASS">
          <reporter-output>
          </reporter-output>
        </test-method> <!-- postCreateNewUser -->
        <test-method signature="postCreateNewUserUsingExternalFile()[pri:0, instance:testcase.API_Validation@1ce24091]" started-at="2025-07-22T23:50:40 IST" name="postCreateNewUserUsingExternalFile" finished-at="2025-07-22T23:50:40 IST" duration-ms="574" status="PASS">
          <reporter-output>
          </reporter-output>
        </test-method> <!-- postCreateNewUserUsingExternalFile -->
        <test-method signature="putUpdateUser2()[pri:0, instance:testcase.API_Validation@1ce24091]" started-at="2025-07-22T23:50:40 IST" name="putUpdateUser2" finished-at="2025-07-22T23:50:41 IST" duration-ms="820" status="PASS">
          <reporter-output>
          </reporter-output>
        </test-method> <!-- putUpdateUser2 -->
        <test-method signature="digestAuth()[pri:8, instance:testcase.API_Validation@1ce24091]" started-at="2025-07-22T23:50:41 IST" name="digestAuth" finished-at="2025-07-22T23:50:43 IST" duration-ms="1672" status="PASS">
          <reporter-output>
          </reporter-output>
        </test-method> <!-- digestAuth -->
        <test-method is-config="true" signature="afterSuite()[pri:0, instance:testcase.API_Validation@1ce24091]" started-at="2025-07-22T23:50:43 IST" name="afterSuite" finished-at="2025-07-22T23:50:43 IST" duration-ms="1" status="PASS">
          <reporter-output>
          </reporter-output>
        </test-method> <!-- afterSuite -->
      </class> <!-- testcase.API_Validation -->
    </test> <!-- Default test -->
  </suite> <!-- Default suite -->
</testng-results>
